<?xml version="1.0" encoding="UTF-8"?>
<testng-results ignored="0" total="1" passed="1" failed="0" skipped="0">
  <reporter-output>
  </reporter-output>
  <suite started-at="2021-12-10T10:01:43 IST" name="Default suite" finished-at="2021-12-10T10:01:43 IST" duration-ms="309">
    <groups>
    </groups>
    <test started-at="2021-12-10T10:01:43 IST" name="Default test" finished-at="2021-12-10T10:01:43 IST" duration-ms="309">
      <class name="com.crm.SDET25.Demo2">
        <test-method signature="demo()[pri:0, instance:com.crm.SDET25.Demo2@4d910fd6]" started-at="2021-12-10T10:01:43 IST" name="demo" finished-at="2021-12-10T10:01:43 IST" duration-ms="31" status="PASS">
          <reporter-output>
          </reporter-output>
        </test-method> <!-- demo -->
      </class> <!-- com.crm.SDET25.Demo2 -->
    </test> <!-- Default test -->
  </suite> <!-- Default suite -->
</testng-results>
